<?xml version="1.0" encoding="UTF-8"?>
<!-- Generated by org.testng.reporters.JUnitXMLReporter -->
<testsuite hostname="EPRUPETW06F7" ignored="0" name="doubleSumTest" tests="5" failures="0" timestamp="2021-06-17T14:12:21 MSK" time="0.054" errors="0">
  <testcase name="doubleSummation" time="0.003" classname="tests.doubleSumTest"/>
  <testcase name="doubleSummation" time="0.0" classname="tests.doubleSumTest"/>
  <testcase name="doubleSummation" time="0.001" classname="tests.doubleSumTest"/>
  <testcase name="doubleSummation" time="0.0" classname="tests.doubleSumTest"/>
  <testcase name="doubleSummation" time="0.0" classname="tests.doubleSumTest"/>
</testsuite> <!-- doubleSumTest -->
