<?xml version="1.0" encoding="UTF-8"?>
<!-- Generated by org.testng.reporters.JUnitXMLReporter -->
<testsuite hostname="EPRUPETW06F7" ignored="0" name="doublePowTest" tests="5" failures="0" timestamp="2021-06-17T14:12:21 MSK" time="0.008" errors="0">
  <testcase name="doublePow" time="0.0" classname="tests.doublePowTest"/>
  <testcase name="doublePow" time="0.0" classname="tests.doublePowTest"/>
  <testcase name="doublePow" time="0.0" classname="tests.doublePowTest"/>
  <testcase name="doublePow" time="0.0" classname="tests.doublePowTest"/>
  <testcase name="doublePow" time="0.0" classname="tests.doublePowTest"/>
</testsuite> <!-- doublePowTest -->
